<?xml version="1.0" encoding="UTF-8"?>
<!-- Generated by org.testng.reporters.JUnitReportReporter -->
<testsuite hostname="Sudhas-MacBook-Pro.local" failures="0" tests="1" name="runners.RegressionRunner" time="28.015" errors="0" timestamp="2023-06-13T09:37:09 IST" skipped="0">
  <testcase classname="runners.RegressionRunner" name="runScenario" time="28.015"/>
  <system-out/>
</testsuite> <!-- runners.RegressionRunner -->
