<?xml version="1.0" encoding="UTF-8"?>
<!-- Generated by org.testng.reporters.JUnitReportReporter -->
<testsuite hostname="Sudhas-MacBook-Pro.local" failures="0" tests="2" name="testCases.BookFlights" time="10.140" errors="0" timestamp="2023-05-29T10:38:36 IST" skipped="0">
  <testcase classname="testCases.BookFlights" name="bookFlightWithLowestPrice" time="4.867"/>
  <system-out/>
  <testcase classname="testCases.BookFlights" name="bookFlightWithHighestPrice" time="5.273"/>
  <system-out/>
</testsuite> <!-- testCases.BookFlights -->
