<?xml version="1.0" encoding="UTF-8"?>
<!-- Generated by org.testng.reporters.JUnitReportReporter -->
<testsuite hostname="Sudhas-MacBook-Pro.local" failures="0" tests="5" name="runners.RegressionRunner" time="0.039" errors="0" timestamp="2023-06-07T10:59:52 IST" skipped="0">
  <testcase classname="runners.RegressionRunner" name="runScenario" time="0.002"/>
  <system-out/>
  <testcase classname="runners.RegressionRunner" name="runScenario" time="0.028"/>
  <system-out/>
  <testcase classname="runners.RegressionRunner" name="runScenario" time="0.003"/>
  <system-out/>
  <testcase classname="runners.RegressionRunner" name="runScenario" time="0.002"/>
  <system-out/>
  <testcase classname="runners.RegressionRunner" name="runScenario" time="0.004"/>
  <system-out/>
</testsuite> <!-- runners.RegressionRunner -->
